# Домашняя работа № 10 - Работа с индексами.

**Шаг 1. Подготовка к работе с индексами:**

Взял с сайта *https://postgrespro.ru/education/demodb* тестовую базу данных (так и называется: demo) для работы с индексами:

Сразу посмотрим какие таблицы она содержит:

```
demo=# \dt
               List of relations
  Schema  |      Name       | Type  |  Owner   
----------+-----------------+-------+----------
 bookings | aircrafts_data  | table | postgres
 bookings | airports_data   | table | postgres
 bookings | boarding_passes | table | postgres
 bookings | bookings        | table | postgres
 bookings | flights         | table | postgres
 bookings | seats           | table | postgres
 bookings | ticket_flights  | table | postgres
 bookings | tickets         | table | postgres
(8 rows)

```

Для примера возьмем табличку *bookings* как боевую для наших задач, посмотрим сколько в ней записей:

```
demo=# select count(*) from bookings;
  count  
---------
 2111110
(1 row)
```

Выведем записи, чтобы понимать что у нас внутри таблицы:

```
demo=# select * from bookings LIMIT 20;
 book_ref |       book_date        | total_amount 
----------+------------------------+--------------
 000004   | 2016-08-13 15:40:00+03 |     55800.00
 00000F   | 2017-07-05 03:12:00+03 |    265700.00
 000010   | 2017-01-08 19:45:00+03 |     50900.00
 000012   | 2017-07-14 09:02:00+03 |     37900.00
 000026   | 2016-08-30 11:08:00+03 |     95600.00
 00002D   | 2017-05-20 18:45:00+03 |    114700.00
 000034   | 2016-08-08 05:46:00+03 |     49100.00
 00003F   | 2016-12-12 15:02:00+03 |    109800.00
 000048   | 2016-09-17 01:57:00+03 |     92400.00
 00004A   | 2016-10-13 21:57:00+03 |     29000.00
 000050   | 2016-09-18 00:01:00+03 |     36200.00
 000055   | 2017-03-08 22:18:00+03 |     50800.00
 000061   | 2016-11-11 21:28:00+03 |     35600.00
 000067   | 2016-08-11 21:36:00+03 |    102100.00
 000068   | 2017-08-15 14:27:00+03 |     18100.00
 00006A   | 2016-11-05 05:02:00+03 |    106100.00
 00006B   | 2016-11-29 07:59:00+03 |    382000.00
 00007A   | 2016-10-18 20:55:00+03 |      8200.00
 00007C   | 2016-09-26 23:00:00+03 |     22600.00
 00007D   | 2016-12-31 19:49:00+03 |    103600.00
(20 rows)

```

**Шаг 2. Работа с индексами:**

Делаем запрос который показывает даты бронирования авиа билетов за определенное время:

```
demo=# select book_ref, book_date, total_amount from bookings where book_date = '2016-09-26 23:00:00+03'::timestamptz;

demo=# select book_ref, book_date, total_amount from bookings where book_date = '2016-09-26 23:00:00+03'::timestamptz;
 book_ref |       book_date        | total_amount 
----------+------------------------+--------------
 00007C   | 2016-09-26 23:00:00+03 |     22600.00
 6E87E8   | 2016-09-26 23:00:00+03 |     51900.00
 9CCAD8   | 2016-09-26 23:00:00+03 |     59000.00
 BC5904   | 2016-09-26 23:00:00+03 |     21400.00
 C167C2   | 2016-09-26 23:00:00+03 |     56800.00
 D70A2E   | 2016-09-26 23:00:00+03 |     39300.00
 1AE846   | 2016-09-26 23:00:00+03 |     13400.00
 F4E59E   | 2016-09-26 23:00:00+03 |     40000.00
(8 rows)

```
План выполнения данного запроса (Команда: *EXPLAIN ANALYZE*):

Выполнился за Execution Time: 35.490 ms

```
emo=# EXPLAIN ANALYZE select book_ref, book_date, total_amount from bookings where book_date = '2016-09-26 23:00:00+03'::timestamptz;
                                                      QUERY PLAN                                                       
-----------------------------------------------------------------------------------------------------------------------
 Gather  (cost=1000.00..23001.04 rows=5 width=21) (actual time=0.262..35.228 rows=8 loops=1)
   Workers Planned: 3
   Workers Launched: 3
   ->  Parallel Seq Scan on bookings  (cost=0.00..22000.54 rows=2 width=21) (actual time=8.425..27.228 rows=2 loops=4)
         Filter: (book_date = '2016-09-26 23:00:00+03'::timestamp with time zone)
         Rows Removed by Filter: 527776
 Planning Time: 0.054 ms
 Execution Time: 35.490 ms
(8 rows)

Time: 36,673 ms
```

Создаем индекс:

```
demo=# create index book_date_idx on bookings.bookings (book_date);
CREATE INDEX
```

Запрос с планом но уже с индексом:

Время выполнения около 0.8 миллисекунд, оптимизатор использует Index Scan по индексу book_date_idx, производительность запроса выросла, вместо 35,0 милисекунд он теперь выполняется за 0,8 миллисекунды

```
demo=# EXPLAIN ANALYZE select book_ref, book_date, total_amount from bookings where book_date = '2016-09-26 23:00:00+03'::timestamptz;
                                                      QUERY PLAN                                                      
----------------------------------------------------------------------------------------------------------------------
 Bitmap Heap Scan on bookings  (cost=4.47..24.24 rows=5 width=21) (actual time=0.137..0.312 rows=8 loops=1)
   Recheck Cond: (book_date = '2016-09-26 23:00:00+03'::timestamp with time zone)
   Heap Blocks: exact=8
   ->  Bitmap Index Scan on book_date_idx  (cost=0.00..4.47 rows=5 width=0) (actual time=0.095..0.109 rows=8 loops=1)
         Index Cond: (book_date = '2016-09-26 23:00:00+03'::timestamp with time zone)
 Planning Time: 0.643 ms
 Execution Time: 0.835 ms
(7 rows)

Time: 2,127 ms
```

**Шаг 3. Индекс для полнотекстового поиска:**

Для выполнения полнотекстового поиска возьму другую тестовую БД dvdrental, в ней возьем таблицу film так как в ней есть поле description с текстовым описанием, в БД demo мало текстовых полей для наглядного примера :

```
dvdrental=# \dt
             List of relations
 Schema |     Name      | Type  |  Owner   
--------+---------------+-------+----------
 public | actor         | table | postgres
 public | address       | table | postgres
 public | category      | table | postgres
 public | city          | table | postgres
 public | country       | table | postgres
 public | customer      | table | postgres
 public | film          | table | postgres
 public | film_actor    | table | postgres
 public | film_category | table | postgres
 public | inventory     | table | postgres
 public | language      | table | postgres
 public | payment       | table | postgres
 public | rental        | table | postgres
 public | staff         | table | postgres
 public | store         | table | postgres
(15 rows)

```

Добавил столбец tsvector с автоматическим заполнением для полнотекстового поиска к таблице film в БД dvdrental:

```
alter table film add column content_tsvector TSVECTOR GENERATED ALWAYS AS (to_tsvector('english', description)) STORED;
ALTER TABLE
```

Создаем индекс и убеждаемся что поиск происходит по индексу:

```
create index film_content_tsvector_idx ON film USING gin (content_tsvector);

dvdrental=# select title, description from film where content_tsvector @@ to_tsquery('english', 'China & hunter');
        title         |                                         description                                          
----------------------+----------------------------------------------------------------------------------------------
 Impossible Prejudice | A Awe-Inspiring Yarn of a Monkey And a Hunter who must Chase a Teacher in Ancient China
 Sons Interview       | A Taut Character Study of a Explorer And a Mad Cow who must Battle a Hunter in Ancient China
 Wash Heavenly        | A Awe-Inspiring Reflection of a Cat And a Pioneer who must Escape a Hunter in Ancient China
(3 rows)

dvdrental=# explain analyze select title, description from film where content_tsvector @@ to_tsquery('english', 'China & hunter');
                                                            QUERY PLAN                                                             
-----------------------------------------------------------------------------------------------------------------------------------
 Bitmap Heap Scan on film  (cost=12.96..16.97 rows=1 width=109) (actual time=0.062..0.152 rows=3 loops=1)
   Recheck Cond: (content_tsvector @@ '''china'' & ''hunter'''::tsquery)
   Heap Blocks: exact=3
   ->  Bitmap Index Scan on film_content_tsvector_idx  (cost=0.00..12.96 rows=1 width=0) (actual time=0.027..0.041 rows=3 loops=1)
         Index Cond: (content_tsvector @@ '''china'' & ''hunter'''::tsquery)
 Planning Time: 0.080 ms
 Execution Time: 0.266 ms
(7 rows)
```


**Шаг 4. Индекс на часть таблицы или индексна поле с функцией:**

Возьмем таблицу *actor* и создадим индекс с функицей поиска имени в нижнем регистре:

```
dvdrental=# create index first_name_idx on actor (lower(first_name));
CREATE INDEX

explain analyze select * from actor where lower(first_name) = 'Joe';

Index Scan using first_name_idx on hire  (cost=0.56..59.90 rows=52 width=76) (actual time=0.033..0.046 rows=7 loops=1)
     Index Cond: (lower((first_name)::text) = 'Joe'::text)
Planning Time: 0.228 ms
Execution Time: 0.143 ms
```

**Шаг 5. Создаем индекс на несколько полей:**

Берем таблицу *customer* и создаем для полей *store_id, email* индекс:

Запрос без индекса:

```
dvdrental=# explain analyze select * from customer where store_id =1 and email like ('%mer.org');
                                               QUERY PLAN                                               
--------------------------------------------------------------------------------------------------------
 Seq Scan on customer  (cost=0.00..17.98 rows=326 width=70) (actual time=0.021..8.261 rows=326 loops=1)
   Filter: (((email)::text ~~ '%mer.org'::text)
   Rows Removed by Filter: 273
 Planning Time: 0.318 ms
 Execution Time: 14.286 ms
(5 rows)
```

И с созданным индексом:

```
dvdrental=# create index store_id_and_email_idx on customer (store_id, email);
CREATE INDEX

dvdrental=# explain analyze select * from customer where store_id =1 and email like ('%mer.org');

Index Scan using store_id_and_email_idx on customer (cost=0.28..11.73 rows=99 width=70) (actual time=0.028..2.209 rows=327 loops=1)
   Index Cond: (store_id = 1)
   Filter: ((email)::text ~~ '%mer.org'::text)
 Planning Time: 0.333 ms
 Execution Time: 3.921 ms
(5 rows)

```

Получили прирост скорости выполнения с 14 милисекунд до 4 милисекунд.